2025-02-11 16:40:33,657 - INFO - Starting the data analysis project.
2025-02-11 16:40:33,657 - INFO - Cleaning data...
2025-02-11 16:40:45,286 - INFO - Raw data loaded from data/raw/Electric_Vehicle_Population_Data/Electric_Vehicle_Population_Data.xlsx. Shape: (223995, 17)
2025-02-11 16:40:46,621 - INFO - Cleaned data saved to data/cleaned/cleaned_data.csv. Shape: (223496, 17)
2025-02-11 16:40:46,625 - INFO - Loading data into the database...
2025-02-11 16:40:59,050 - INFO - Data loaded into table: cleaned_table
2025-02-11 16:40:59,059 - INFO - Data analysis project completed successfully.
2025-02-11 17:58:09,175 - INFO - Starting the data analysis project.
2025-02-11 17:58:09,175 - INFO - Cleaning data...
2025-02-11 17:58:09,176 - ERROR - Error in clean_data: Excel file format cannot be determined, you must specify an engine manually.
2025-02-11 17:58:26,447 - INFO - Starting the data analysis project.
2025-02-11 17:58:26,447 - INFO - Cleaning data...
2025-02-11 17:58:26,448 - ERROR - Error in clean_data: Excel file format cannot be determined, you must specify an engine manually.
2025-02-11 17:58:31,733 - INFO - Starting the data analysis project.
2025-02-11 17:58:31,733 - INFO - Cleaning data...
2025-02-11 17:58:32,049 - INFO - Raw data loaded from data/raw/Vehicle_Registrations_by_Class_and_County/Vehicle_Registrations_by_Class_and_County.csv. Shape: (755319, 7)
2025-02-11 17:58:33,205 - INFO - Cleaned data saved to data/cleaned/Vehicle_Registrations_by_Class_and_County_Cleaned.csv. Shape: (755319, 7)
2025-02-11 17:58:33,211 - INFO - Loading data into the database...
2025-02-11 17:58:47,795 - INFO - Data loaded into table: Vehicle_Registrations
2025-02-11 17:58:47,808 - INFO - Data analysis project completed successfully.
2025-02-12 02:48:11,192 - INFO - Starting the data analysis project.
2025-02-12 02:48:11,192 - INFO - Cleaning data...
2025-02-12 02:48:11,203 - INFO - Raw data loaded from data/raw/acs2017_county_data.csv. Shape: (3220, 37)
2025-02-12 02:48:11,240 - INFO - Cleaned data saved to data/cleaned/acs2017_county_data.csv. Shape: (3219, 37)
2025-02-12 02:48:11,240 - INFO - Loading data into the database...
2025-02-12 02:48:11,793 - INFO - Data loaded into table: acs2017_county_data
2025-02-12 02:48:11,793 - INFO - Data analysis project completed successfully.
